<?xml version="1.0" encoding="UTF-8"?>
<testng-results skipped="0" failed="0" total="1" passed="1">
  <reporter-output>
  </reporter-output>
  <suite name="Suite" duration-ms="176" started-at="2017-02-06T06:32:39Z" finished-at="2017-02-06T06:32:39Z">
    <groups>
    </groups>
    <test name="Test" duration-ms="176" started-at="2017-02-06T06:32:39Z" finished-at="2017-02-06T06:32:39Z">
      <class name="defaultpackages.NewTest">
        <test-method status="PASS" signature="beforeTest()[pri:0, instance:defaultpackages.NewTest@5ca609]" name="beforeTest" is-config="true" duration-ms="50" started-at="2017-02-06T12:02:39Z" finished-at="2017-02-06T12:02:39Z">
          <reporter-output>
          </reporter-output>
        </test-method> <!-- beforeTest -->
        <test-method status="PASS" signature="testEasy()[pri:0, instance:defaultpackages.NewTest@5ca609]" name="testEasy" duration-ms="15" started-at="2017-02-06T12:02:39Z" finished-at="2017-02-06T12:02:39Z">
          <reporter-output>
          </reporter-output>
        </test-method> <!-- testEasy -->
        <test-method status="PASS" signature="afterTest()[pri:0, instance:defaultpackages.NewTest@5ca609]" name="afterTest" is-config="true" duration-ms="1" started-at="2017-02-06T12:02:39Z" finished-at="2017-02-06T12:02:39Z">
          <reporter-output>
          </reporter-output>
        </test-method> <!-- afterTest -->
      </class> <!-- defaultpackages.NewTest -->
    </test> <!-- Test -->
  </suite> <!-- Suite -->
</testng-results>
